#
# There is insufficient memory for the Java Runtime Environment to continue.
# Native memory allocation (mmap) failed to map 132120576 bytes for Failed to commit area from 0x0000000082200000 to 0x000000008a000000 of length 132120576.
# Possible reasons:
#   The system is out of physical RAM or swap space
#   The process is running with CompressedOops enabled, and the Java Heap may be blocking the growth of the native heap
# Possible solutions:
#   Reduce memory load on the system
#   Increase physical memory or swap space
#   Check if swap backing store is full
#   Decrease Java heap size (-Xmx/-Xms)
#   Decrease number of Java threads
#   Decrease Java thread stack sizes (-Xss)
#   Set larger code cache with -XX:ReservedCodeCacheSize=
# This output file may be truncated or incomplete.
#
#  Out of Memory Error (t:/workspace/open/src/hotspot/os/windows/os_windows.cpp:3221), pid=4748, tid=840
#
# JRE version:  (10.0.2+13) (build )
# Java VM: Java HotSpot(TM) 64-Bit Server VM (10.0.2+13, mixed mode, aot, tiered, compressed oops, g1 gc, windows-amd64)
# No core dump will be written. Minidumps are not enabled by default on client versions of Windows
#

---------------  S U M M A R Y ------------

Command Line: Average

Host: Intel(R) Core(TM) i5-7300HQ CPU @ 2.50GHz, 4 cores, 7G,  Windows 10 , 64 bit Build 17134 (10.0.17134.1)
Time: Fri Aug 31 14:10:54 2018 India Standard Time elapsed time: 0 seconds (0d 0h 0m 0s)

---------------  T H R E A D  ---------------

Current thread (0x000001d6f771d000):  JavaThread "Unknown thread" [_thread_in_vm, id=840, stack(0x0000005b12700000,0x0000005b12800000)]

Stack: [0x0000005b12700000,0x0000005b12800000]
Native frames: (J=compiled Java code, j=interpreted, Vv=VM code, C=native code)
V  [jvm.dll+0x5a01a9]
V  [jvm.dll+0x6bcf31]
V  [jvm.dll+0x6be126]
V  [jvm.dll+0x6be7b3]
V  [jvm.dll+0x234978]
V  [jvm.dll+0x59dac4]
V  [jvm.dll+0x592825]
V  [jvm.dll+0x2f632b]
V  [jvm.dll+0x2f6295]
V  [jvm.dll+0x2f6172]
V  [jvm.dll+0x2f8366]
V  [jvm.dll+0x344293]
V  [jvm.dll+0x3449a6]
V  [jvm.dll+0x344393]
V  [jvm.dll+0x2c4628]
V  [jvm.dll+0x2c5771]
V  [jvm.dll+0x69d1db]
V  [jvm.dll+0x69e9fc]
V  [jvm.dll+0x3519e9]
V  [jvm.dll+0x6856a2]
V  [jvm.dll+0x3ba0c3]
V  [jvm.dll+0x3bc261]
C  [java.exe+0x3531]
C  [java.exe+0xe1af]
C  [java.exe+0xe356]
C  [KERNEL32.DLL+0x13034]
C  [ntdll.dll+0x71431]


---------------  P R O C E S S  ---------------

Threads class SMR info:
_java_thread_list=0x000001d6f55a75b0, length=0, elements={
}

Java Threads: ( => current thread )

Other Threads:
  0x000001d6f7735000 GCTaskThread "GC Thread#0" [stack: 0x0000005b12800000,0x0000005b12900000] [id=9808]
  0x000001d6f7737800 GCTaskThread "GC Thread#1" [stack: 0x0000005b12900000,0x0000005b12a00000] [id=8628]
  0x000001d6f7739000 GCTaskThread "GC Thread#2" [stack: 0x0000005b12a00000,0x0000005b12b00000] [id=4624]
  0x000001d6f773b800 GCTaskThread "GC Thread#3" [stack: 0x0000005b12b00000,0x0000005b12c00000] [id=8740]
  0x000001d6f77ac000 ConcurrentGCThread "G1 Main Marker" [stack: 0x0000005b12c00000,0x0000005b12d00000] [id=3824]
  0x000001d6f77ad000 ConcurrentGCThread "G1 Conc#0" [stack: 0x0000005b12d00000,0x0000005b12e00000] [id=11860]

[error occurred during error reporting (printing all threads), id 0xe0000002]

VM state:not at safepoint (not fully initialized)

VM Mutex/Monitor currently owned by a thread:  ([mutex/lock_event])
[0x000001d6f771c710] Heap_lock - owner thread: 0x000001d6f771d000

Heap address: 0x0000000082200000, size: 2014 MB, Compressed Oops mode: Non-zero based: 0x0000000082200000
Narrow klass base: 0x0000000000000000, Narrow klass shift: 0

GC Heap History (0 events):
No events

Deoptimization events (0 events):
No events

Classes redefined (0 events):
No events

Internal exceptions (0 events):
No events

Events (0 events):
No events


Dynamic libraries:
0x00007ff6f6690000 - 0x00007ff6f66ce000 	C:\Program Files\Java\jdk-10.0.2\bin\java.exe
0x00007ff8baf80000 - 0x00007ff8bb161000 	C:\WINDOWS\SYSTEM32\ntdll.dll
0x00007ff8ba530000 - 0x00007ff8ba5e2000 	C:\WINDOWS\System32\KERNEL32.DLL
0x00007ff8b7740000 - 0x00007ff8b79b3000 	C:\WINDOWS\System32\KERNELBASE.dll
0x00007ff8ba050000 - 0x00007ff8ba0f1000 	C:\WINDOWS\System32\ADVAPI32.dll
0x00007ff8ba490000 - 0x00007ff8ba52e000 	C:\WINDOWS\System32\msvcrt.dll
0x00007ff8ba100000 - 0x00007ff8ba15b000 	C:\WINDOWS\System32\sechost.dll
0x00007ff8bab90000 - 0x00007ff8bacb4000 	C:\WINDOWS\System32\RPCRT4.dll
0x00007ff8b88f0000 - 0x00007ff8b8a80000 	C:\WINDOWS\System32\USER32.dll
0x00007ff8b7a20000 - 0x00007ff8b7a40000 	C:\WINDOWS\System32\win32u.dll
0x00007ff8b8a80000 - 0x00007ff8b8aa8000 	C:\WINDOWS\System32\GDI32.dll
0x00007ff8b7ae0000 - 0x00007ff8b7c72000 	C:\WINDOWS\System32\gdi32full.dll
0x00007ff8b7a40000 - 0x00007ff8b7adf000 	C:\WINDOWS\System32\msvcp_win.dll
0x00007ff8b7400000 - 0x00007ff8b74fa000 	C:\WINDOWS\System32\ucrtbase.dll
0x00007ff8aa450000 - 0x00007ff8aa6b9000 	C:\WINDOWS\WinSxS\amd64_microsoft.windows.common-controls_6595b64144ccf1df_6.0.17134.228_none_fb4599993062b194\COMCTL32.dll
0x00007ff8ad100000 - 0x00007ff8ad10a000 	C:\WINDOWS\SYSTEM32\VERSION.dll
0x00007ff8ba160000 - 0x00007ff8ba483000 	C:\WINDOWS\System32\combase.dll
0x00007ff8b7c80000 - 0x00007ff8b7cfa000 	C:\WINDOWS\System32\bcryptPrimitives.dll
0x00007ff8bacc0000 - 0x00007ff8baced000 	C:\WINDOWS\System32\IMM32.DLL
0x00007ff8a14a0000 - 0x00007ff8a158f000 	C:\Program Files\Java\jdk-10.0.2\bin\msvcr120.dll
0x00007ff898f20000 - 0x00007ff898fc6000 	C:\Program Files\Java\jdk-10.0.2\bin\msvcp120.dll
0x0000000068330000 - 0x0000000068da0000 	C:\Program Files\Java\jdk-10.0.2\bin\server\jvm.dll
0x00007ff8baf40000 - 0x00007ff8baf48000 	C:\WINDOWS\System32\PSAPI.DLL
0x00007ff8b3850000 - 0x00007ff8b3873000 	C:\WINDOWS\SYSTEM32\WINMM.dll
0x00007ff8a6560000 - 0x00007ff8a6569000 	C:\WINDOWS\SYSTEM32\WSOCK32.dll
0x00007ff8bacf0000 - 0x00007ff8bad5c000 	C:\WINDOWS\System32\WS2_32.dll
0x00007ff8b3820000 - 0x00007ff8b384a000 	C:\WINDOWS\SYSTEM32\WINMMBASE.dll
0x00007ff8b7500000 - 0x00007ff8b7549000 	C:\WINDOWS\System32\cfgmgr32.dll
0x00007ff8b38a0000 - 0x00007ff8b38af000 	C:\Program Files\Java\jdk-10.0.2\bin\verify.dll
0x00007ff8b5d30000 - 0x00007ff8b5ef9000 	C:\WINDOWS\SYSTEM32\DBGHELP.DLL
0x00007ff8a2370000 - 0x00007ff8a2399000 	C:\WINDOWS\SYSTEM32\dbgcore.DLL
0x00007ff8a1470000 - 0x00007ff8a1497000 	C:\Program Files\Java\jdk-10.0.2\bin\java.dll
0x00007ff8a7270000 - 0x00007ff8a7286000 	C:\Program Files\Java\jdk-10.0.2\bin\zip.dll
0x00007ff8b3420000 - 0x00007ff8b342a000 	C:\Program Files\Java\jdk-10.0.2\bin\jimage.dll

dbghelp: loaded successfully - version: 4.0.5 - missing functions: none
symbol engine: initialized successfully - sym options: 0x614 - pdb path: .;C:\Program Files\Java\jdk-10.0.2\bin;C:\WINDOWS\SYSTEM32;C:\WINDOWS\WinSxS\amd64_microsoft.windows.common-controls_6595b64144ccf1df_6.0.17134.228_none_fb4599993062b194;C:\Program Files\Java\jdk-10.0.2\bin\server

VM Arguments:
java_command: Average
java_class_path (initial): .
Launcher Type: SUN_STANDARD

Logging:
Log output configuration:
#0: stdout all=warning uptime,level,tags
#1: stderr all=off uptime,level,tags

Environment Variables:
PATH=D:\;C:\Program Files\Java\jdk-10.0.2\bin;C:\Program Files (x86)\Common Files\Oracle\Java\javapath;C:\Program Files (x86)\Intel\iCLS Client\;C:\Program Files\Intel\iCLS Client\;C:\Windows\system32;C:\Windows;C:\Windows\System32\Wbem;C:\Windows\System32\WindowsPowerShell\v1.0\;C:\Program Files (x86)\Intel\Intel(R) Management Engine Components\DAL;C:\Program Files\Intel\Intel(R) Management Engine Components\DAL;C:\Program Files (x86)\Intel\Intel(R) Management Engine Components\IPT;C:\Program Files\Intel\Intel(R) Management Engine Components\IPT;C:\Program Files (x86)\NVIDIA Corporation\PhysX\Common;C:\Program Files\Intel\WiFi\bin\;C:\Program Files\Common Files\Intel\WirelessCommon\;C:\WINDOWS\system32;C:\WINDOWS;C:\WINDOWS\System32\Wbem;C:\WINDOWS\System32\WindowsPowerShell\v1.0\;C:\WINDOWS\System32\OpenSSH\;C:\Program Files\Git\cmd;C:\Users\Nanda Kishore\AppData\Local\Programs\Python\Python37-32\Scripts\;C:\Users\Nanda Kishore\AppData\Local\Programs\Python\Python37-32\;C:\Users\Nanda Kishore\AppData\Local\Microsoft\WindowsApps
USERNAME=Nanda Kishore
OS=Windows_NT
PROCESSOR_IDENTIFIER=Intel64 Family 6 Model 158 Stepping 9, GenuineIntel



---------------  S Y S T E M  ---------------

OS: Windows 10 , 64 bit Build 17134 (10.0.17134.1)

CPU:total 4 (initial active 4) (4 cores per cpu, 1 threads per core) family 6 model 158 stepping 9, cmov, cx8, fxsr, mmx, sse, sse2, sse3, ssse3, sse4.1, sse4.2, popcnt, avx, avx2, aes, clmul, erms, 3dnowpref, lzcnt, tsc, tscinvbit, bmi1, bmi2, adx, fma

Memory: 4k page, physical 8247448k(1184556k free), swap 21810068k(116604k free)

vm_info: Java HotSpot(TM) 64-Bit Server VM (10.0.2+13) for windows-amd64 JRE (10.0.2+13), built on Jun 28 2018 01:57:56 by "mach5one" with MS VC++ 12.0 (VS2013)

END.
